<?xml version="1.0" encoding="UTF-8"?>
<!-- Generated by org.testng.reporters.JUnitReportReporter -->
<testsuite skipped="0" hostname="BDC11-L-7194SD7" name="com.mas.TestCases.TC_Sharepoint" tests="1" failures="0" timestamp="17 Aug 2017 11:58:23 GMT" time="162.013" errors="0">
  <testcase name="test_sharepointvalidation" time="162.013" classname="com.mas.TestCases.TC_Sharepoint"/>
</testsuite> <!-- com.mas.TestCases.TC_Sharepoint -->
