<?xml version="1.0" encoding="UTF-8"?>
<!-- Generated by org.testng.reporters.JUnitReportReporter -->
<testsuite skipped="0" hostname="BDC4-L-39TMWQ1" name="fds_aitr.TC_SiteConfiguration" tests="1" failures="0" timestamp="30 Jan 2018 20:00:30 GMT" time="146.167" errors="0">
  <testcase name="validateSiteConfigurationTab" time="146.167" classname="fds_aitr.TC_SiteConfiguration"/>
</testsuite> <!-- fds_aitr.TC_SiteConfiguration -->
