<?xml version="1.0" encoding="UTF-8"?>
<!-- Generated by org.testng.reporters.JUnitReportReporter -->
<testsuite skipped="0" hostname="BDC8-DX-4T9LX52" name="com.mas.TestCases.TC_SolutionInput" tests="1" failures="0" timestamp="08 Jul 2017 05:37:51 GMT" time="375.841" errors="0">
  <testcase name="test_SolutionInput" time="375.841" classname="com.mas.TestCases.TC_SolutionInput"/>
</testsuite> <!-- com.mas.TestCases.TC_SolutionInput -->
