<?xml version="1.0" encoding="UTF-8"?>
<!-- Generated by org.testng.reporters.JUnitReportReporter -->
<testsuite skipped="0" hostname="BDC8-DX-4T9LX52" name="com.mas.TestCases.TC_UICheck" tests="1" failures="0" timestamp="08 Jul 2017 04:04:36 GMT" time="689.381" errors="0">
  <testcase name="test_UICheck" time="689.381" classname="com.mas.TestCases.TC_UICheck"/>
</testsuite> <!-- com.mas.TestCases.TC_UICheck -->
