<?xml version="1.0" encoding="UTF-8"?>
<!-- Generated by org.testng.reporters.JUnitReportReporter -->
<testsuite skipped="0" hostname="BDC8-DX-4T9LX52" name="com.mas.TestCases.TC_DependentProduct" tests="1" failures="0" timestamp="08 Jul 2017 10:29:55 GMT" time="1855.687" errors="0">
  <testcase name="test_DedicatedProduct" time="1855.687" classname="com.mas.TestCases.TC_DependentProduct"/>
</testsuite> <!-- com.mas.TestCases.TC_DependentProduct -->
