<?xml version="1.0" encoding="UTF-8"?>
<!-- Generated by org.testng.reporters.JUnitReportReporter -->
<testsuite skipped="0" hostname="BDC4-L-39TMWQ1" name="fds_aitr.TC_UserMapping" tests="1" failures="0" timestamp="31 Jan 2018 09:22:45 GMT" time="364.327" errors="0">
  <testcase name="validateAddEditDeleteUser" time="364.327" classname="fds_aitr.TC_UserMapping"/>
</testsuite> <!-- fds_aitr.TC_UserMapping -->
