<?xml version="1.0" encoding="UTF-8"?>
<!-- Generated by org.testng.reporters.JUnitReportReporter -->
<testsuite skipped="0" hostname="BDC4-L-39TMWQ1" name="fds_aitr.TC_AITR_ActivityLog" tests="2" failures="0" timestamp="05 Feb 2018 12:10:47 GMT" time="140.433" errors="1">
  <testcase name="writeRersults" time="54.483" classname="fds_aitr.TC_AITR_ActivityLog">
    <error type="org.openqa.selenium.NoSuchSessionException" message="Session ID is null. Using WebDriver after calling quit()?
Build info: version: &#039;3.4.0&#039;, revision: &#039;unknown&#039;, time: &#039;unknown&#039;
System info: host: &#039;BDC4-L-39TMWQ1&#039;, ip: &#039;192.168.0.101&#039;, os.name: &#039;Windows 7&#039;, os.arch: &#039;amd64&#039;, os.version: &#039;6.1&#039;, java.version: &#039;1.8.0_161&#039;
Driver info: driver.version: RemoteWebDriver">
      <![CDATA[org.openqa.selenium.NoSuchSessionException: Session ID is null. Using WebDriver after calling quit()?Build info: version: '3.4.0', revision: 'unknown', time: 'unknown'System info: host: 'BDC4-L-39TMWQ1', ip: '192.168.0.101', os.name: 'Windows 7', os.arch: 'amd64', os.version: '6.1', java.version: '1.8.0_161'Driver info: driver.version: RemoteWebDriverat org.openqa.selenium.remote.HttpCommandExecutor.execute(HttpCommandExecutor.java:131)at org.openqa.selenium.remote.service.DriverCommandExecutor.execute(DriverCommandExecutor.java:82)at org.openqa.selenium.remote.RemoteWebDriver.execute(RemoteWebDriver.java:637)at org.openqa.selenium.remote.RemoteWebDriver.executeScript(RemoteWebDriver.java:573)at com.aitr.utils.angularJSWait.waitUntilAngularReady(angularJSWait.java:133)at com.aitr.utils.angularJSWait.waitJQueryAngular(angularJSWait.java:159)at com.aitr.utils.AITRResuableFunction.WriteResult(AITRResuableFunction.java:147)at fds_aitr.TC_AITR_ActivityLog.writeRersults(TC_AITR_ActivityLog.java:46)at sun.reflect.NativeMethodAccessorImpl.invoke0(Native Method)at sun.reflect.NativeMethodAccessorImpl.invoke(Unknown Source)at sun.reflect.DelegatingMethodAccessorImpl.invoke(Unknown Source)at java.lang.reflect.Method.invoke(Unknown Source)at org.testng.internal.MethodInvocationHelper.invokeMethod(MethodInvocationHelper.java:124)at org.testng.internal.MethodInvocationHelper.invokeMethodConsideringTimeout(MethodInvocationHelper.java:59)at org.testng.internal.Invoker.invokeConfigurationMethod(Invoker.java:451)at org.testng.internal.Invoker.invokeConfigurations(Invoker.java:222)at org.testng.internal.Invoker.invokeConfigurations(Invoker.java:142)at org.testng.internal.TestMethodWorker.invokeAfterClassMethods(TestMethodWorker.java:208)at org.testng.internal.TestMethodWorker.run(TestMethodWorker.java:111)at org.testng.TestRunner.privateRun(TestRunner.java:648)at org.testng.TestRunner.run(TestRunner.java:505)at org.testng.SuiteRunner.runTest(SuiteRunner.java:455)at org.testng.SuiteRunner.runSequentially(SuiteRunner.java:450)at org.testng.SuiteRunner.privateRun(SuiteRunner.java:415)at org.testng.SuiteRunner.run(SuiteRunner.java:364)at org.testng.SuiteRunnerWorker.runSuite(SuiteRunnerWorker.java:52)at org.testng.SuiteRunnerWorker.run(SuiteRunnerWorker.java:84)at org.testng.TestNG.runSuitesSequentially(TestNG.java:1187)at org.testng.TestNG.runSuitesLocally(TestNG.java:1116)at org.testng.TestNG.runSuites(TestNG.java:1028)at org.testng.TestNG.run(TestNG.java:996)at org.testng.remote.AbstractRemoteTestNG.run(AbstractRemoteTestNG.java:114)at org.testng.remote.RemoteTestNG.initAndRun(RemoteTestNG.java:251)at org.testng.remote.RemoteTestNG.main(RemoteTestNG.java:77)]]>
    </error>
  </testcase> <!-- writeRersults -->
  <testcase name="validateActivityLogPage" time="85.950" classname="fds_aitr.TC_AITR_ActivityLog"/>
</testsuite> <!-- fds_aitr.TC_AITR_ActivityLog -->
