<?xml version="1.0" encoding="UTF-8"?>
<!-- Generated by org.testng.reporters.JUnitReportReporter -->
<testsuite skipped="0" hostname="BDC4-L-39TMWQ1" name="fds_aitr.TC_AITR_Login" tests="1" failures="0" timestamp="30 Jan 2018 18:53:58 GMT" time="197.497" errors="0">
  <testcase name="loginTest" time="197.497" classname="fds_aitr.TC_AITR_Login"/>
</testsuite> <!-- fds_aitr.TC_AITR_Login -->
